PYTHONPATH=src tools/pywine src/main.py --test
/home/hechao/projects/wubi/wine
application_name=wubi,version=4.0,revision=0,root_dir=Z:\home\hechao\projects\wubi\src
=== c: ===
path=== C:
file=== C:\casper\filesystem.squashfs
path=== Z:
file=== Z:\home\hechao\projects\wubi\casper\filesystem.squashfs
run_task=== None
main_window_class === <class 'winui.ui.MainDialogWindow'>
info.cd_distro=== None
info.iso_distro=== None
info.cd_distro=== None
info.iso_distro=== None
=== c: ===
path=== C:
file=== C:\casper\filesystem.squashfs
path=== Z:
file=== Z:\home\hechao\projects\wubi\casper\filesystem.squashfs
==============
info.cd_distro=== None
info.iso_distro=== None
+++++++++++++++++++++++
info.cd_distro=== None
info.iso_distro=== None
目标驱动器选择
分区大小选择
桌面环境选择
info.distros=== [<wubi.backends.common.distro.Distro object at 0x007884D0>]
distro_name === Ylmf_OS
2047.99999905 256
min_space_mb === 3000
skip_size_check === None
installation_size_mb === None
14,28,17GB
语言选择
language=== 简体中文
language=== 繁体中文
language=== 英文
用户名
密码
+++++++++++++++++++++++
input username 'hechao'
==============
description === 正在安装 Ylmf_OS 4.0
info.cd_distro=== None
info.iso_distro=== None
uninstall_path === C:\ylmfos\uninstall-wubi.exe
original_exe === Z:\home\hechao\projects\wubi\src\main.py
custominstall === C:\ylmfos\install\custom-installation
iso_path === None
file=== C:\casper\filesystem.squashfs
file=== Z:\home\hechao\projects\wubi\casper\filesystem.squashfs
paths === ['Z:\\home\\hechao\\projects\\wubi\\src', 'C:\\', 'Z:\\home\\hechao\\projects\\wubi']
file_size === 668256256
iso_path === Z:\home\hechao\projects\wubi\ylmf_os4-20110407.iso
iso_extractor === Z:\home\hechao\projects\wubi\src\bin\7z.exe
command === ['Z:\\home\\hechao\\projects\\wubi\\src\\bin\\7z.exe', 'l', 'Z:\\home\\hechao\\projects\\wubi\\ylmf_os4-20110407.iso']
files === ['.disk', '.disk\\base_installable', '.disk\\casper-uuid-generic', '.disk\\cd_type', '.disk\\info', '.disk\\release_notes_url', 'readme.diskdefines', 'autorun.inf', 'casper', 'casper\\filesystem.size', 'casper\\filesystem.squashfs', 'casper\\initrd.img', 'casper\\vmlinuz', 'install', 'install\\readme.sbm', 'install\\mt86plus', 'install\\sbm.bin', 'install-livecd.exe', 'install.exe', 'isolinux', 'isolinux\\16x16.fnt', 'isolinux\\access.pcx', 'isolinux\\adtext.cfg', 'isolinux\\back.jpg', 'isolinux\\boot.cat', 'isolinux\\bootlogo', 'isolinux\\en.hlp', 'isolinux\\en.tr', 'isolinux\\f1.txt', 'isolinux\\f10.txt', 'isolinux\\f2.txt', 'isolinux\\f3.txt', 'isolinux\\f4.txt', 'isolinux\\f5.txt', 'isolinux\\f6.txt', 'isolinux\\f7.txt', 'isolinux\\f8.txt', 'isolinux\\f9.txt', 'isolinux\\gfxboot.cfg', 'isolinux\\init', 'isolinux\\isolinux.bin', 'isolinux\\isolinux.cfg', 'isolinux\\lang', 'isolinux\\langlist', 'isolinux\\log', 'isolinux\\menu.cfg', 'isolinux\\message', 'isolinux\\po4a.cfg', 'isolinux\\prompt.cfg', 'isolinux\\splash.pcx', 'isolinux\\splash.png', 'isolinux\\stdmenu.cfg', 'isolinux\\text.cfg', 'isolinux\\vesamenu.c32', 'isolinux\\zh_cn.hlp', 'isolinux\\zh_cn.tr', 'isolinux\\zh_tw.hlp', 'isolinux\\zh_tw.tr', 'md5sum.txt', 'pics', 'pics\\blue-lowerleft.png', 'pics\\blue-lowerright.png', 'pics\\blue-upperleft.png', 'pics\\blue-upperright.png', 'pics\\logo-50.jpg', 'pics\\red-lowerleft.png', 'pics\\red-lowerright.png', 'pics\\red-upperleft.png', 'pics\\red-upperright.png', '[boot]\\bootable_noemulation.img']
file === casper\filesystem.squashfs
file === casper\vmlinuz
file === casper\initrd.img
file === .disk\info
file === md5sum.txt
output_file === Z:\home\hechao\projects\wubi\src\temp\info
command === ['Z:\\home\\hechao\\projects\\wubi\\src\\bin\\7z.exe', 'e', '-i!.disk\\info', '-oZ:\\home\\hechao\\projects\\wubi\\src\\temp', 'Z:\\home\\hechao\\projects\\wubi\\ylmf_os4-20110407.iso']
iso_path === Z:\home\hechao\projects\wubi\ylmf_os4-20110407.iso
file_size === 668256256
iso_path === Z:\home\hechao\projects\wubi\ylmf_os4-20110407.iso
files === ['.disk', '.disk\\base_installable', '.disk\\casper-uuid-generic', '.disk\\cd_type', '.disk\\info', '.disk\\release_notes_url', 'readme.diskdefines', 'autorun.inf', 'casper', 'casper\\filesystem.size', 'casper\\filesystem.squashfs', 'casper\\initrd.img', 'casper\\vmlinuz', 'install', 'install\\readme.sbm', 'install\\mt86plus', 'install\\sbm.bin', 'install-livecd.exe', 'install.exe', 'isolinux', 'isolinux\\16x16.fnt', 'isolinux\\access.pcx', 'isolinux\\adtext.cfg', 'isolinux\\back.jpg', 'isolinux\\boot.cat', 'isolinux\\bootlogo', 'isolinux\\en.hlp', 'isolinux\\en.tr', 'isolinux\\f1.txt', 'isolinux\\f10.txt', 'isolinux\\f2.txt', 'isolinux\\f3.txt', 'isolinux\\f4.txt', 'isolinux\\f5.txt', 'isolinux\\f6.txt', 'isolinux\\f7.txt', 'isolinux\\f8.txt', 'isolinux\\f9.txt', 'isolinux\\gfxboot.cfg', 'isolinux\\init', 'isolinux\\isolinux.bin', 'isolinux\\isolinux.cfg', 'isolinux\\lang', 'isolinux\\langlist', 'isolinux\\log', 'isolinux\\menu.cfg', 'isolinux\\message', 'isolinux\\po4a.cfg', 'isolinux\\prompt.cfg', 'isolinux\\splash.pcx', 'isolinux\\splash.png', 'isolinux\\stdmenu.cfg', 'isolinux\\text.cfg', 'isolinux\\vesamenu.c32', 'isolinux\\zh_cn.hlp', 'isolinux\\zh_cn.tr', 'isolinux\\zh_tw.hlp', 'isolinux\\zh_tw.tr', 'md5sum.txt', 'pics', 'pics\\blue-lowerleft.png', 'pics\\blue-lowerright.png', 'pics\\blue-upperleft.png', 'pics\\blue-upperright.png', 'pics\\logo-50.jpg', 'pics\\red-lowerleft.png', 'pics\\red-lowerright.png', 'pics\\red-upperleft.png', 'pics\\red-upperright.png', '[boot]\\bootable_noemulation.img']
file === casper\filesystem.squashfs
file === casper\vmlinuz
file === casper\initrd.img
file === .disk\info
file === md5sum.txt
URL=== 
output_file === C:\ylmfos\install\boot\md5sum.txt
command === ['Z:\\home\\hechao\\projects\\wubi\\src\\bin\\7z.exe', 'e', '-i!md5sum.txt', '-oC:\\ylmfos\\install\\boot', 'C:\\ylmfos\\install\\installation.iso']
output_file === C:\ylmfos\install\boot\vmlinuz
command === ['Z:\\home\\hechao\\projects\\wubi\\src\\bin\\7z.exe', 'e', '-i!casper\\vmlinuz', '-oC:\\ylmfos\\install\\boot', 'C:\\ylmfos\\install\\installation.iso']
output_file === C:\ylmfos\install\boot\initrd.img
command === ['Z:\\home\\hechao\\projects\\wubi\\src\\bin\\7z.exe', 'e', '-i!casper\\initrd.img', '-oC:\\ylmfos\\install\\boot', 'C:\\ylmfos\\install\\installation.iso']
info.cd_distro=== None
info.iso_distro=== None
